LEGAL.txt
README.md
_advanced-features.html.md.erb
_app_mtu.html.md.erb
_app_subnet_field.html.md.erb
_application_container_config.html.md.erb
_application_security_group.html.md.erb
_authsso_config.html.md.erb
_aws_security_config.html.md.erb
_aws_stacks_view_outputs.html.md.erb
_backing_mysql.html.md.erb
_c2c_pcf_enable.html.md.erb
_check_disk_before_upgrade.html.md.erb
_configure_aws_elb.html.md.erb
_custombranding.html.md.erb
_disable_resources.html.md.erb
_disable_resources_azure.html.md.erb
_errands.html.md.erb
_ert_database_external.html.md.erb
_ert_database_internal.html.md.erb
_filestore_azure_config.html.md.erb
_filestore_config.html.md.erb
_filestore_gcp_config.html.md.erb
_filestore_internal.html.md.erb
_filestore_s3_config.html.md.erb
_insecure_cookies.html.md.erb
_known-issue-self-signed-certs.html.md.erb
_lb_healthy_threshold.html.md.erb
_lb_unhealthy_threshold.html.md.erb
_mysql_proxy_config.html.md.erb
_mysql_proxy_config_gcp.html.md.erb
_networking-azure.html.md.erb
_networking-cloudform.html.md.erb
_networking-gcp.html.md.erb
_networking-openstack.html.md.erb
_networking-vmware.html.md.erb
_networking_general.html.md.erb
_pcf_overview_model.html.md.erb
_pcf_scale_table.html.md.erb
_requirements.html.md.erb
_restore_ccdb_key.html.md.erb
_route_services.html.md.erb
_router_timeout_backend.html.md.erb
_smoketests.html.md.erb
_ssl_verification.html.md.erb
_tcp_routing_disable.html.md.erb
_tcp_routing_enable.html.md.erb
_using_idp_ops_manager.html.md.erb
_zipkin-pcf-config.html.md.erb
_zipkin_enable.html.md.erb
add-delete.html.md.erb
api-endpoint.html.md.erb
azure-arm-template.html.md.erb
azure-er-config.html.md.erb
azure-german-cloud.html.md.erb
azure-gov-cloud.html.md.erb
azure-om-config.html.md.erb
azure-om-deploy.html.md.erb
azure-prepare-env.html.md.erb
azure-troubleshooting.html.md.erb
azure.html.md.erb
backup-restore
cloudform-er-config.html.md.erb
cloudform-iaas-user-roles.html.md.erb
cloudform-om-config.html.md.erb
cloudform-om-deploy.html.md.erb
cloudform-om-ebs-config.html.md.erb
cloudform-template.html.md.erb
cloudform.html.md.erb
cloudform_elb_ssh_proxy.html.md.erb
config-er-vmware.html.md.erb
config_firewall.html.md.erb
console-login.html.md.erb
creating-account.html.md.erb
custom-load-balancer.html.md.erb
deleting-aws-install.html.md.erb
deleting-azure-install.html.md.erb
deleting-gcp-install.html.md.erb
deploy-metrics.html.md.erb
deploying-vm.html.md.erb
disk-format.html.md.erb
external-user-management.html.md.erb
gcp-er-config.html.md.erb
gcp-om-config.html.md.erb
gcp-om-deploy.html.md.erb
gcp-prepare-env.html.md.erb
gcp-quotas.html.md.erb
gcp-troubleshooting.html.md.erb
gcp.html.md.erb
iaas-user-roles.html.md.erb
images
index.html.md.erb
managing_errands.html.md.erb
modify-ops-man.html.md.erb
monitoring.html.md.erb
mysql_bootstrap_ert.html.md.erb
nexus-switch.html.md.erb
nohup.out
openstack-er-config.html.md.erb
openstack-om-config.html.md.erb
openstack-setup.html.md.erb
openstack.html.md.erb
ops-man-api.html.md.erb
opsman-create-bosh-client.html.md.erb
opsman-users.html.md.erb
opsmanager-create-bosh-client.html.md.erb
pcf-aws-manual-config.html.md.erb
pcf-aws-manual-er-config.html.md.erb
pcf-aws-manual-om-config.html.md.erb
pcf-director-proxy-settings.html.md.erb
pcf-interface.html.md.erb
pcf.json
pcf_azure.html.md.erb
policy-doc.html.md.erb
resurrector.html.md.erb
self-signed-ssl.html.md.erb
trouble-advanced.html.md.erb
troubleshooting-uninstall-metrics.html.md.erb
troubleshooting-vsphere.html.md.erb
troubleshooting.html.md.erb
understand-az.html.md.erb
understanding-stemcells.html.md.erb
upgrading-pcf.html.md.erb
upgrading-products.html.md.erb
use-metrics.html.md.erb
user-types.html.md.erb
vsphere-config.html.md.erb
vsphere.html.md.erb
